生成启动时间为 2016/1/8 15:11:11。
     1>项目“D:\workspace\socket\GetTime\GetTime\GetTime.vcxproj”在节点 2 上(build 个目标)。
     1>InitializeBuildStatus:
         正在创建“x64\Debug\GetTime.unsuccessfulbuild”，因为已指定“AlwaysCreate”。
       ClCompile:
         C:\Program Files (x86)\Microsoft Visual Studio 10.0\VC\bin\x86_amd64\CL.exe /c /Zi /nologo /W3 /WX- /Od /D _DEBUG /D _CONSOLE /D _UNICODE /D UNICODE /Gm /EHsc /RTC1 /MDd /GS /fp:precise /Zc:wchar_t /Zc:forScope /Fo"x64\Debug\\" /Fd"x64\Debug\vc100.pdb" /Gd /TP /errorReport:prompt main.cpp
         main.cpp
     1>main.cpp(49): warning C4267: “参数”: 从“size_t”转换到“int”，可能丢失数据
     1>main.cpp(16): warning C4101: “n”: 未引用的局部变量
       ManifestResourceCompile:
         所有输出均为最新。
       Link:
         C:\Program Files (x86)\Microsoft Visual Studio 10.0\VC\bin\x86_amd64\link.exe /ERRORREPORT:PROMPT /OUT:"D:\workspace\socket\GetTime\x64\Debug\GetTime.exe" /INCREMENTAL /NOLOGO kernel32.lib user32.lib gdi32.lib winspool.lib comdlg32.lib advapi32.lib shell32.lib ole32.lib oleaut32.lib uuid.lib odbc32.lib odbccp32.lib /MANIFEST /ManifestFile:"x64\Debug\GetTime.exe.intermediate.manifest" /MANIFESTUAC:"level='asInvoker' uiAccess='false'" /DEBUG /PDB:"D:\workspace\socket\GetTime\x64\Debug\GetTime.pdb" /SUBSYSTEM:CONSOLE /TLBID:1 /DYNAMICBASE /NXCOMPAT /IMPLIB:"D:\workspace\socket\GetTime\x64\Debug\GetTime.lib" /MACHINE:X64 x64\Debug\GetTime.exe.embed.manifest.res
         x64\Debug\main.obj  ws2_32.lib 
         GetTime.vcxproj -> D:\workspace\socket\GetTime\x64\Debug\GetTime.exe
       Manifest:
         c:\Program Files (x86)\Microsoft SDKs\Windows\v7.0A\bin\mt.exe /nologo /verbose /out:"x64\Debug\GetTime.exe.embed.manifest" /manifest x64\Debug\GetTime.exe.intermediate.manifest
         所有输出均为最新。
       LinkEmbedManifest:
         所有输出均为最新。
         GetTime.vcxproj -> D:\workspace\socket\GetTime\x64\Debug\GetTime.exe
       FinalizeBuildStatus:
         正在删除文件“x64\Debug\GetTime.unsuccessfulbuild”。
         正在对“x64\Debug\GetTime.lastbuildstate”执行 Touch 任务。
     1>已完成生成项目“D:\workspace\socket\GetTime\GetTime\GetTime.vcxproj”(build 个目标)的操作。

生成成功。

已用时间 00:00:01.19
