D:\workspace\socket\GetTime\GetTime\x64\Debug\cl.command.1.tlog
D:\workspace\socket\GetTime\GetTime\x64\Debug\CL.read.1.tlog
D:\workspace\socket\GetTime\GetTime\x64\Debug\CL.write.1.tlog
D:\WORKSPACE\SOCKET\GETTIME\GETTIME\X64\DEBUG\GETTIME.EXE.EMBED.MANIFEST
D:\WORKSPACE\SOCKET\GETTIME\GETTIME\X64\DEBUG\GETTIME.EXE.EMBED.MANIFEST.RES
D:\WORKSPACE\SOCKET\GETTIME\GETTIME\X64\DEBUG\GETTIME.EXE.INTERMEDIATE.MANIFEST
D:\workspace\socket\GetTime\GetTime\x64\Debug\GetTime.write.1.tlog
D:\workspace\socket\GetTime\GetTime\x64\Debug\GetTime_manifest.rc
D:\workspace\socket\GetTime\GetTime\x64\Debug\link.6012.read.1.tlog
D:\workspace\socket\GetTime\GetTime\x64\Debug\link.6012.write.1.tlog
D:\workspace\socket\GetTime\GetTime\x64\Debug\link.6012-cvtres.read.1.tlog
D:\workspace\socket\GetTime\GetTime\x64\Debug\link.6012-cvtres.write.1.tlog
D:\workspace\socket\GetTime\GetTime\x64\Debug\link.command.1.tlog
D:\workspace\socket\GetTime\GetTime\x64\Debug\link.read.1.tlog
D:\workspace\socket\GetTime\GetTime\x64\Debug\link.write.1.tlog
D:\workspace\socket\GetTime\GetTime\x64\Debug\link-cvtres.read.1.tlog
D:\workspace\socket\GetTime\GetTime\x64\Debug\link-cvtres.write.1.tlog
D:\WORKSPACE\SOCKET\GETTIME\GETTIME\X64\DEBUG\MAIN.OBJ
D:\workspace\socket\GetTime\GetTime\x64\Debug\mt.command.1.tlog
D:\workspace\socket\GetTime\GetTime\x64\Debug\mt.read.1.tlog
D:\workspace\socket\GetTime\GetTime\x64\Debug\mt.write.1.tlog
D:\workspace\socket\GetTime\GetTime\x64\Debug\rc.command.1.tlog
D:\workspace\socket\GetTime\GetTime\x64\Debug\rc.read.1.tlog
D:\workspace\socket\GetTime\GetTime\x64\Debug\rc.write.1.tlog
D:\workspace\socket\GetTime\GetTime\x64\Debug\vc100.idb
D:\WORKSPACE\SOCKET\GETTIME\GETTIME\X64\DEBUG\VC100.PDB
D:\WORKSPACE\SOCKET\GETTIME\X64\DEBUG\GETTIME.EXE
D:\WORKSPACE\SOCKET\GETTIME\X64\DEBUG\GETTIME.ILK
D:\WORKSPACE\SOCKET\GETTIME\X64\DEBUG\GETTIME.PDB
