生成启动时间为 2016/1/8 15:12:28。
     1>项目“D:\workspace\socket\GetTime\GetTime2\GetTime2.vcxproj”在节点 2 上(build 个目标)。
     1>InitializeBuildStatus:
         正在对“x64\Debug\GetTime2.unsuccessfulbuild”执行 Touch 任务。
       ClCompile:
         所有输出均为最新。
       ManifestResourceCompile:
         所有输出均为最新。
       Link:
         C:\Program Files (x86)\Microsoft Visual Studio 10.0\VC\bin\x86_amd64\link.exe /ERRORREPORT:PROMPT /OUT:"D:\workspace\socket\GetTime\x64\Debug\GetTime2.exe" /INCREMENTAL /NOLOGO kernel32.lib user32.lib gdi32.lib winspool.lib comdlg32.lib advapi32.lib shell32.lib ole32.lib oleaut32.lib uuid.lib odbc32.lib odbccp32.lib /MANIFEST /ManifestFile:"x64\Debug\GetTime2.exe.intermediate.manifest" /MANIFESTUAC:"level='asInvoker' uiAccess='false'" /DEBUG /PDB:"D:\workspace\socket\GetTime\x64\Debug\GetTime2.pdb" /SUBSYSTEM:CONSOLE /TLBID:1 /DYNAMICBASE /NXCOMPAT /IMPLIB:"D:\workspace\socket\GetTime\x64\Debug\GetTime2.lib" /MACHINE:X64 x64\Debug\GetTime2.exe.embed.manifest.res
         x64\Debug\server.obj
         GetTime2.vcxproj -> D:\workspace\socket\GetTime\x64\Debug\GetTime2.exe
       Manifest:
         c:\Program Files (x86)\Microsoft SDKs\Windows\v7.0A\bin\mt.exe /nologo /verbose /out:"x64\Debug\GetTime2.exe.embed.manifest" /manifest x64\Debug\GetTime2.exe.intermediate.manifest
         所有输出均为最新。
       LinkEmbedManifest:
         所有输出均为最新。
         GetTime2.vcxproj -> D:\workspace\socket\GetTime\x64\Debug\GetTime2.exe
       FinalizeBuildStatus:
         正在删除文件“x64\Debug\GetTime2.unsuccessfulbuild”。
         正在对“x64\Debug\GetTime2.lastbuildstate”执行 Touch 任务。
     1>已完成生成项目“D:\workspace\socket\GetTime\GetTime2\GetTime2.vcxproj”(build 个目标)的操作。

生成成功。

已用时间 00:00:00.38
