D:\workspace\socket\GetTime\GetTime2\x64\Debug\cl.command.1.tlog
D:\workspace\socket\GetTime\GetTime2\x64\Debug\CL.read.1.tlog
D:\workspace\socket\GetTime\GetTime2\x64\Debug\CL.write.1.tlog
D:\WORKSPACE\SOCKET\GETTIME\GETTIME2\X64\DEBUG\GETTIME2.EXE.EMBED.MANIFEST
D:\WORKSPACE\SOCKET\GETTIME\GETTIME2\X64\DEBUG\GETTIME2.EXE.EMBED.MANIFEST.RES
D:\WORKSPACE\SOCKET\GETTIME\GETTIME2\X64\DEBUG\GETTIME2.EXE.INTERMEDIATE.MANIFEST
D:\workspace\socket\GetTime\GetTime2\x64\Debug\GetTime2.vcxprojResolveAssemblyReference.cache
D:\workspace\socket\GetTime\GetTime2\x64\Debug\GetTime2.write.1.tlog
D:\workspace\socket\GetTime\GetTime2\x64\Debug\GetTime2_manifest.rc
D:\workspace\socket\GetTime\GetTime2\x64\Debug\link.5388.read.1.tlog
D:\workspace\socket\GetTime\GetTime2\x64\Debug\link.5388.write.1.tlog
D:\workspace\socket\GetTime\GetTime2\x64\Debug\link.5388-cvtres.read.1.tlog
D:\workspace\socket\GetTime\GetTime2\x64\Debug\link.5388-cvtres.write.1.tlog
D:\workspace\socket\GetTime\GetTime2\x64\Debug\link.command.1.tlog
D:\workspace\socket\GetTime\GetTime2\x64\Debug\link.read.1.tlog
D:\workspace\socket\GetTime\GetTime2\x64\Debug\link.write.1.tlog
D:\workspace\socket\GetTime\GetTime2\x64\Debug\link-cvtres.read.1.tlog
D:\workspace\socket\GetTime\GetTime2\x64\Debug\link-cvtres.write.1.tlog
D:\workspace\socket\GetTime\GetTime2\x64\Debug\mt.command.1.tlog
D:\workspace\socket\GetTime\GetTime2\x64\Debug\mt.read.1.tlog
D:\workspace\socket\GetTime\GetTime2\x64\Debug\mt.write.1.tlog
D:\workspace\socket\GetTime\GetTime2\x64\Debug\rc.command.1.tlog
D:\workspace\socket\GetTime\GetTime2\x64\Debug\rc.read.1.tlog
D:\workspace\socket\GetTime\GetTime2\x64\Debug\rc.write.1.tlog
D:\WORKSPACE\SOCKET\GETTIME\GETTIME2\X64\DEBUG\SERVER.OBJ
D:\workspace\socket\GetTime\GetTime2\x64\Debug\vc100.idb
D:\WORKSPACE\SOCKET\GETTIME\GETTIME2\X64\DEBUG\VC100.PDB
D:\WORKSPACE\SOCKET\GETTIME\X64\DEBUG\GETTIME2.EXE
D:\WORKSPACE\SOCKET\GETTIME\X64\DEBUG\GETTIME2.ILK
D:\WORKSPACE\SOCKET\GETTIME\X64\DEBUG\GETTIME2.PDB
